2024-05-02 01:06:39 [main] INFO  c.m.d.insurance.FindByCoverageTests - Starting FindByCoverageTests using Java 1.8.0_292 on WPF45DYX2 with PID 24080 (started by xxnlnnnd in C:\DLTE-JavaFullStack-Divija-2024\DLTE-FinalProject\InsuranceDao)
2024-05-02 01:06:39 [main] INFO  c.m.d.insurance.FindByCoverageTests - No active profile set, falling back to 1 default profile: "default"
2024-05-02 01:06:40 [main] INFO  o.s.d.r.c.RepositoryConfigurationDelegate - Bootstrapping Spring Data JDBC repositories in DEFAULT mode.
2024-05-02 01:06:40 [main] INFO  o.s.d.r.c.RepositoryConfigurationDelegate - Finished Spring Data repository scanning in 89 ms. Found 0 JDBC repository interfaces.
2024-05-02 01:06:41 [main] INFO  com.zaxxer.hikari.HikariDataSource - HikariPool-1 - Starting...
2024-05-02 01:06:41 [main] WARN  c.z.hikari.util.DriverDataSource - Registered driver with driverClassName=oracle.jdbc.driver.OracleDriver was not found, trying direct instantiation.
2024-05-02 01:06:42 [main] INFO  com.zaxxer.hikari.pool.PoolBase - HikariPool-1 - Driver does not support get/set network timeout for connections. (oracle.jdbc.driver.T4CConnection.getNetworkTimeout()I)
2024-05-02 01:06:42 [main] INFO  com.zaxxer.hikari.HikariDataSource - HikariPool-1 - Start completed.
2024-05-02 01:06:43 [main] INFO  c.m.d.insurance.FindByCoverageTests - Started FindByCoverageTests in 3.847 seconds (JVM running for 6.634)
2024-05-02 01:06:43 [SpringApplicationShutdownHook] INFO  com.zaxxer.hikari.HikariDataSource - HikariPool-1 - Shutdown initiated...
2024-05-02 01:06:43 [SpringApplicationShutdownHook] INFO  com.zaxxer.hikari.HikariDataSource - HikariPool-1 - Shutdown completed.
2024-05-02 01:08:22 [main] INFO  c.m.d.insurance.FindByCoverageTests - Starting FindByCoverageTests using Java 1.8.0_292 on WPF45DYX2 with PID 8444 (started by xxnlnnnd in C:\DLTE-JavaFullStack-Divija-2024\DLTE-FinalProject\InsuranceDao)
2024-05-02 01:08:22 [main] INFO  c.m.d.insurance.FindByCoverageTests - No active profile set, falling back to 1 default profile: "default"
2024-05-02 01:08:23 [main] INFO  o.s.d.r.c.RepositoryConfigurationDelegate - Bootstrapping Spring Data JDBC repositories in DEFAULT mode.
2024-05-02 01:08:23 [main] INFO  o.s.d.r.c.RepositoryConfigurationDelegate - Finished Spring Data repository scanning in 10 ms. Found 0 JDBC repository interfaces.
2024-05-02 01:08:23 [main] INFO  com.zaxxer.hikari.HikariDataSource - HikariPool-1 - Starting...
2024-05-02 01:08:23 [main] WARN  c.z.hikari.util.DriverDataSource - Registered driver with driverClassName=oracle.jdbc.driver.OracleDriver was not found, trying direct instantiation.
2024-05-02 01:08:24 [main] INFO  com.zaxxer.hikari.pool.PoolBase - HikariPool-1 - Driver does not support get/set network timeout for connections. (oracle.jdbc.driver.T4CConnection.getNetworkTimeout()I)
2024-05-02 01:08:24 [main] INFO  com.zaxxer.hikari.HikariDataSource - HikariPool-1 - Start completed.
2024-05-02 01:08:24 [main] INFO  c.m.d.insurance.FindByCoverageTests - Started FindByCoverageTests in 1.961 seconds (JVM running for 3.995)
2024-05-02 01:08:24 [SpringApplicationShutdownHook] INFO  com.zaxxer.hikari.HikariDataSource - HikariPool-1 - Shutdown initiated...
2024-05-02 01:08:24 [SpringApplicationShutdownHook] INFO  com.zaxxer.hikari.HikariDataSource - HikariPool-1 - Shutdown completed.
2024-05-02 01:08:52 [main] INFO  c.m.d.insurance.FindByCoverageTests - Starting FindByCoverageTests using Java 1.8.0_292 on WPF45DYX2 with PID 17064 (started by xxnlnnnd in C:\DLTE-JavaFullStack-Divija-2024\DLTE-FinalProject\InsuranceDao)
2024-05-02 01:08:52 [main] INFO  c.m.d.insurance.FindByCoverageTests - No active profile set, falling back to 1 default profile: "default"
2024-05-02 01:08:52 [main] INFO  o.s.d.r.c.RepositoryConfigurationDelegate - Bootstrapping Spring Data JDBC repositories in DEFAULT mode.
2024-05-02 01:08:52 [main] INFO  o.s.d.r.c.RepositoryConfigurationDelegate - Finished Spring Data repository scanning in 9 ms. Found 0 JDBC repository interfaces.
2024-05-02 01:08:53 [main] INFO  com.zaxxer.hikari.HikariDataSource - HikariPool-1 - Starting...
2024-05-02 01:08:53 [main] WARN  c.z.hikari.util.DriverDataSource - Registered driver with driverClassName=oracle.jdbc.driver.OracleDriver was not found, trying direct instantiation.
2024-05-02 01:08:53 [main] INFO  com.zaxxer.hikari.pool.PoolBase - HikariPool-1 - Driver does not support get/set network timeout for connections. (oracle.jdbc.driver.T4CConnection.getNetworkTimeout()I)
2024-05-02 01:08:53 [main] INFO  com.zaxxer.hikari.HikariDataSource - HikariPool-1 - Start completed.
2024-05-02 01:08:53 [main] INFO  c.m.d.insurance.FindByCoverageTests - Started FindByCoverageTests in 1.997 seconds (JVM running for 3.93)
2024-05-02 01:08:53 [SpringApplicationShutdownHook] INFO  com.zaxxer.hikari.HikariDataSource - HikariPool-1 - Shutdown initiated...
2024-05-02 01:08:53 [SpringApplicationShutdownHook] INFO  com.zaxxer.hikari.HikariDataSource - HikariPool-1 - Shutdown completed.
2024-05-02 01:09:14 [main] INFO  c.m.d.insurance.FindByCoverageTests - Starting FindByCoverageTests using Java 1.8.0_292 on WPF45DYX2 with PID 14100 (started by xxnlnnnd in C:\DLTE-JavaFullStack-Divija-2024\DLTE-FinalProject\InsuranceDao)
2024-05-02 01:09:14 [main] INFO  c.m.d.insurance.FindByCoverageTests - No active profile set, falling back to 1 default profile: "default"
2024-05-02 01:09:15 [main] INFO  o.s.d.r.c.RepositoryConfigurationDelegate - Bootstrapping Spring Data JDBC repositories in DEFAULT mode.
2024-05-02 01:09:15 [main] INFO  o.s.d.r.c.RepositoryConfigurationDelegate - Finished Spring Data repository scanning in 9 ms. Found 0 JDBC repository interfaces.
2024-05-02 01:09:15 [main] INFO  com.zaxxer.hikari.HikariDataSource - HikariPool-1 - Starting...
2024-05-02 01:09:15 [main] WARN  c.z.hikari.util.DriverDataSource - Registered driver with driverClassName=oracle.jdbc.driver.OracleDriver was not found, trying direct instantiation.
2024-05-02 01:09:15 [main] INFO  com.zaxxer.hikari.pool.PoolBase - HikariPool-1 - Driver does not support get/set network timeout for connections. (oracle.jdbc.driver.T4CConnection.getNetworkTimeout()I)
2024-05-02 01:09:16 [main] INFO  com.zaxxer.hikari.HikariDataSource - HikariPool-1 - Start completed.
2024-05-02 01:09:16 [main] INFO  c.m.d.insurance.FindByCoverageTests - Started FindByCoverageTests in 1.93 seconds (JVM running for 3.809)
2024-05-02 01:09:16 [SpringApplicationShutdownHook] INFO  com.zaxxer.hikari.HikariDataSource - HikariPool-1 - Shutdown initiated...
2024-05-02 01:09:16 [SpringApplicationShutdownHook] INFO  com.zaxxer.hikari.HikariDataSource - HikariPool-1 - Shutdown completed.
2024-05-02 01:13:47 [main] INFO  c.m.d.insurance.FindByCoverageTests - Starting FindByCoverageTests using Java 1.8.0_292 on WPF45DYX2 with PID 21268 (started by xxnlnnnd in C:\DLTE-JavaFullStack-Divija-2024\DLTE-FinalProject\InsuranceDao)
2024-05-02 01:13:47 [main] INFO  c.m.d.insurance.FindByCoverageTests - No active profile set, falling back to 1 default profile: "default"
2024-05-02 01:13:47 [main] INFO  o.s.d.r.c.RepositoryConfigurationDelegate - Bootstrapping Spring Data JDBC repositories in DEFAULT mode.
2024-05-02 01:13:47 [main] INFO  o.s.d.r.c.RepositoryConfigurationDelegate - Finished Spring Data repository scanning in 8 ms. Found 0 JDBC repository interfaces.
2024-05-02 01:13:48 [main] INFO  com.zaxxer.hikari.HikariDataSource - HikariPool-1 - Starting...
2024-05-02 01:13:48 [main] WARN  c.z.hikari.util.DriverDataSource - Registered driver with driverClassName=oracle.jdbc.driver.OracleDriver was not found, trying direct instantiation.
2024-05-02 01:13:48 [main] INFO  com.zaxxer.hikari.pool.PoolBase - HikariPool-1 - Driver does not support get/set network timeout for connections. (oracle.jdbc.driver.T4CConnection.getNetworkTimeout()I)
2024-05-02 01:13:48 [main] INFO  com.zaxxer.hikari.HikariDataSource - HikariPool-1 - Start completed.
2024-05-02 01:13:48 [main] INFO  c.m.d.insurance.FindByCoverageTests - Started FindByCoverageTests in 2.069 seconds (JVM running for 4.321)
2024-05-02 01:13:48 [SpringApplicationShutdownHook] INFO  com.zaxxer.hikari.HikariDataSource - HikariPool-1 - Shutdown initiated...
2024-05-02 01:13:48 [SpringApplicationShutdownHook] INFO  com.zaxxer.hikari.HikariDataSource - HikariPool-1 - Shutdown completed.
2024-05-02 01:14:28 [main] INFO  c.m.d.insurance.FindByCoverageTests - Starting FindByCoverageTests using Java 1.8.0_292 on WPF45DYX2 with PID 23620 (started by xxnlnnnd in C:\DLTE-JavaFullStack-Divija-2024\DLTE-FinalProject\InsuranceDao)
2024-05-02 01:14:28 [main] INFO  c.m.d.insurance.FindByCoverageTests - No active profile set, falling back to 1 default profile: "default"
2024-05-02 01:14:28 [main] INFO  o.s.d.r.c.RepositoryConfigurationDelegate - Bootstrapping Spring Data JDBC repositories in DEFAULT mode.
2024-05-02 01:14:28 [main] INFO  o.s.d.r.c.RepositoryConfigurationDelegate - Finished Spring Data repository scanning in 7 ms. Found 0 JDBC repository interfaces.
2024-05-02 01:14:29 [main] INFO  com.zaxxer.hikari.HikariDataSource - HikariPool-1 - Starting...
2024-05-02 01:14:29 [main] WARN  c.z.hikari.util.DriverDataSource - Registered driver with driverClassName=oracle.jdbc.driver.OracleDriver was not found, trying direct instantiation.
2024-05-02 01:14:29 [main] INFO  com.zaxxer.hikari.pool.PoolBase - HikariPool-1 - Driver does not support get/set network timeout for connections. (oracle.jdbc.driver.T4CConnection.getNetworkTimeout()I)
2024-05-02 01:14:29 [main] INFO  com.zaxxer.hikari.HikariDataSource - HikariPool-1 - Start completed.
2024-05-02 01:14:29 [main] INFO  c.m.d.insurance.FindByCoverageTests - Started FindByCoverageTests in 2.047 seconds (JVM running for 4.472)
2024-05-02 01:14:29 [SpringApplicationShutdownHook] INFO  com.zaxxer.hikari.HikariDataSource - HikariPool-1 - Shutdown initiated...
2024-05-02 01:14:30 [SpringApplicationShutdownHook] INFO  com.zaxxer.hikari.HikariDataSource - HikariPool-1 - Shutdown completed.
