2024-04-30 08:19:20 [restartedMain] INFO  m.i.webservice.WebserviceApplication - Starting WebserviceApplication using Java 1.8.0_292 on WPF45DYX2 with PID 24016 (C:\DLTE-JavaFullStack-Divija-2024\DLTE-FinalProject\InsuranceWebservice\target\classes started by xxnlnnnd in C:\DLTE-JavaFullStack-Divija-2024\DLTE-FinalProject\InsuranceWebservice)
2024-04-30 08:19:20 [restartedMain] INFO  m.i.webservice.WebserviceApplication - No active profile set, falling back to 1 default profile: "default"
2024-04-30 08:19:20 [restartedMain] INFO  o.s.b.d.restart.ChangeableUrls - The Class-Path manifest attribute in C:\Users\xxnlnnnd\.m2\repository\com\oracle\database\security\oraclepki\21.5.0.0\oraclepki-21.5.0.0.jar referenced one or more files that do not exist: file:/C:/Users/xxnlnnnd/.m2/repository/com/oracle/database/security/oraclepki/21.5.0.0/osdt_core.jar,file:/C:/Users/xxnlnnnd/.m2/repository/com/oracle/database/security/oraclepki/21.5.0.0/osdt_cert.jar,file:/C:/Users/xxnlnnnd/.m2/repository/com/oracle/database/security/oraclepki/oracle.osdt/osdt_core.jar,file:/C:/Users/xxnlnnnd/.m2/repository/com/oracle/database/security/oraclepki/oracle.osdt/osdt_cert.jar
2024-04-30 08:19:20 [restartedMain] INFO  o.s.b.d.e.DevToolsPropertyDefaultsPostProcessor - Devtools property defaults active! Set 'spring.devtools.add-properties' to 'false' to disable
2024-04-30 08:19:20 [restartedMain] INFO  o.s.b.d.e.DevToolsPropertyDefaultsPostProcessor - For additional web related logging consider setting the 'logging.level.web' property to 'DEBUG'
2024-04-30 08:19:20 [restartedMain] INFO  o.s.d.r.c.RepositoryConfigurationDelegate - Bootstrapping Spring Data JDBC repositories in DEFAULT mode.
2024-04-30 08:19:20 [restartedMain] INFO  o.s.d.r.c.RepositoryConfigurationDelegate - Finished Spring Data repository scanning in 8 ms. Found 0 JDBC repository interfaces.
2024-04-30 08:19:21 [restartedMain] INFO  o.s.c.s.PostProcessorRegistrationDelegate$BeanPostProcessorChecker - Bean 'soapServiceConfiguration' of type [mybank.insurance.webservice.soap.configs.SoapServiceConfiguration$$EnhancerBySpringCGLIB$$b8ac8b27] is not eligible for getting processed by all BeanPostProcessors (for example: not eligible for auto-proxying)
2024-04-30 08:19:21 [restartedMain] INFO  o.s.c.s.PostProcessorRegistrationDelegate$BeanPostProcessorChecker - Bean 'org.springframework.ws.config.annotation.DelegatingWsConfiguration' of type [org.springframework.ws.config.annotation.DelegatingWsConfiguration$$EnhancerBySpringCGLIB$$812a2d28] is not eligible for getting processed by all BeanPostProcessors (for example: not eligible for auto-proxying)
2024-04-30 08:19:21 [restartedMain] INFO  o.s.w.s.a.s.AnnotationActionEndpointMapping - Supporting [WS-Addressing August 2004, WS-Addressing 1.0]
2024-04-30 08:19:21 [restartedMain] INFO  o.s.b.w.e.tomcat.TomcatWebServer - Tomcat initialized with port(s): 8082 (http)
2024-04-30 08:19:21 [restartedMain] INFO  o.a.catalina.core.StandardService - Starting service [Tomcat]
2024-04-30 08:19:21 [restartedMain] INFO  o.a.catalina.core.StandardEngine - Starting Servlet engine: [Apache Tomcat/9.0.73]
2024-04-30 08:19:21 [restartedMain] INFO  o.a.c.c.C.[Tomcat].[localhost].[/] - Initializing Spring embedded WebApplicationContext
2024-04-30 08:19:21 [restartedMain] INFO  o.s.b.w.s.c.ServletWebServerApplicationContext - Root WebApplicationContext: initialization completed in 1306 ms
2024-04-30 08:19:21 [restartedMain] INFO  o.s.s.web.DefaultSecurityFilterChain - Will secure any request with [org.springframework.security.web.session.DisableEncodeUrlFilter@712c5069, org.springframework.security.web.context.request.async.WebAsyncManagerIntegrationFilter@2bee41c0, org.springframework.security.web.context.SecurityContextPersistenceFilter@2ffb3c37, org.springframework.security.web.header.HeaderWriterFilter@33bd4cbb, org.springframework.web.filter.CorsFilter@796714b2, org.springframework.security.web.authentication.logout.LogoutFilter@37d6394d, org.springframework.security.web.authentication.UsernamePasswordAuthenticationFilter@34c09cfa, org.springframework.security.web.authentication.www.BasicAuthenticationFilter@4812cd7d, org.springframework.security.web.savedrequest.RequestCacheAwareFilter@18676ea8, org.springframework.security.web.servletapi.SecurityContextHolderAwareRequestFilter@4ba2ae2f, org.springframework.security.web.authentication.AnonymousAuthenticationFilter@4851dece, org.springframework.security.web.session.SessionManagementFilter@79d3245e, org.springframework.security.web.access.ExceptionTranslationFilter@3f7824, org.springframework.security.web.access.intercept.FilterSecurityInterceptor@add4ee3]
2024-04-30 08:19:21 [restartedMain] INFO  o.s.b.a.w.s.WelcomePageHandlerMapping - Adding welcome page template: index
2024-04-30 08:19:22 [restartedMain] INFO  com.zaxxer.hikari.HikariDataSource - HikariPool-1 - Starting...
2024-04-30 08:19:22 [restartedMain] WARN  c.z.hikari.util.DriverDataSource - Registered driver with driverClassName=oracle.jdbc.driver.OracleDriver was not found, trying direct instantiation.
2024-04-30 08:19:22 [restartedMain] INFO  com.zaxxer.hikari.pool.PoolBase - HikariPool-1 - Driver does not support get/set network timeout for connections. (oracle.jdbc.driver.T4CConnection.getNetworkTimeout()I)
2024-04-30 08:19:22 [restartedMain] INFO  com.zaxxer.hikari.HikariDataSource - HikariPool-1 - Start completed.
2024-04-30 08:19:22 [restartedMain] INFO  o.s.b.d.a.OptionalLiveReloadServer - LiveReload server is running on port 35729
2024-04-30 08:19:22 [restartedMain] INFO  o.s.b.w.e.tomcat.TomcatWebServer - Tomcat started on port(s): 8082 (http) with context path ''
2024-04-30 08:19:22 [restartedMain] INFO  m.i.webservice.WebserviceApplication - Started WebserviceApplication in 2.874 seconds (JVM running for 3.653)
2024-04-30 08:19:38 [http-nio-8082-exec-2] INFO  o.a.c.c.C.[Tomcat].[localhost].[/] - Initializing Spring DispatcherServlet 'dispatcherServlet'
2024-04-30 08:19:38 [http-nio-8082-exec-2] INFO  o.s.web.servlet.DispatcherServlet - Initializing Servlet 'dispatcherServlet'
2024-04-30 08:19:38 [http-nio-8082-exec-2] INFO  o.s.web.servlet.DispatcherServlet - Completed initialization in 0 ms
2024-04-30 08:20:12 [http-nio-8082-exec-1] INFO  m.i.w.s.OfficialsFailureHandler - org.springframework.security.core.userdetails.UsernameNotFoundException: 4hgcnb
2024-04-30 08:20:12 [http-nio-8082-exec-1] WARN  m.i.w.s.OfficialsFailureHandler - account suspended
2024-04-30 08:20:20 [http-nio-8082-exec-8] INFO  c.m.d.i.security.MyBankUsersServices - Attempts are updated
2024-04-30 08:20:20 [http-nio-8082-exec-8] WARN  m.i.w.s.OfficialsFailureHandler - Invalid credentials and attempts taken
2024-04-30 08:20:20 [http-nio-8082-exec-8] WARN  m.i.w.s.OfficialsFailureHandler - 3 1Attempts remaining
2024-04-30 08:20:28 [http-nio-8082-exec-3] INFO  c.m.d.i.security.MyBankUsersServices - Status has changed
2024-04-30 08:20:28 [http-nio-8082-exec-3] WARN  m.i.w.s.OfficialsFailureHandler - account suspended
2024-04-30 08:21:39 [http-nio-8082-exec-8] WARN  m.i.w.s.OfficialsSuccessHandler - contact admin to activate
2024-04-30 08:21:58 [http-nio-8082-exec-3] INFO  c.m.d.i.security.MyBankUsersServices - Attempts are updated
2024-04-30 08:21:58 [http-nio-8082-exec-3] WARN  m.i.w.s.OfficialsFailureHandler - Invalid credentials and attempts taken
2024-04-30 08:21:58 [http-nio-8082-exec-3] WARN  m.i.w.s.OfficialsFailureHandler - 2 2Attempts remaining
2024-04-30 08:22:04 [http-nio-8082-exec-6] INFO  c.m.d.i.security.MyBankUsersServices - Attempts are updated
2024-04-30 08:22:04 [http-nio-8082-exec-6] WARN  m.i.w.s.OfficialsFailureHandler - Invalid credentials and attempts taken
2024-04-30 08:22:04 [http-nio-8082-exec-6] WARN  m.i.w.s.OfficialsFailureHandler - 3 1Attempts remaining
2024-04-30 08:22:12 [http-nio-8082-exec-9] INFO  c.m.d.i.security.MyBankUsersServices - Status has changed
2024-04-30 08:22:12 [http-nio-8082-exec-9] WARN  m.i.w.s.OfficialsFailureHandler - account suspended
2024-04-30 08:22:25 [http-nio-8082-exec-1] WARN  m.i.w.s.OfficialsSuccessHandler - contact admin to activate
2024-04-30 08:23:44 [restartedMain] INFO  m.i.webservice.WebserviceApplication - Starting WebserviceApplication using Java 1.8.0_292 on WPF45DYX2 with PID 21260 (C:\DLTE-JavaFullStack-Divija-2024\DLTE-FinalProject\InsuranceWebservice\target\classes started by xxnlnnnd in C:\DLTE-JavaFullStack-Divija-2024\DLTE-FinalProject\InsuranceWebservice)
2024-04-30 08:23:44 [restartedMain] INFO  m.i.webservice.WebserviceApplication - No active profile set, falling back to 1 default profile: "default"
2024-04-30 08:23:44 [restartedMain] INFO  o.s.b.d.restart.ChangeableUrls - The Class-Path manifest attribute in C:\Users\xxnlnnnd\.m2\repository\com\oracle\database\security\oraclepki\21.5.0.0\oraclepki-21.5.0.0.jar referenced one or more files that do not exist: file:/C:/Users/xxnlnnnd/.m2/repository/com/oracle/database/security/oraclepki/21.5.0.0/osdt_core.jar,file:/C:/Users/xxnlnnnd/.m2/repository/com/oracle/database/security/oraclepki/21.5.0.0/osdt_cert.jar,file:/C:/Users/xxnlnnnd/.m2/repository/com/oracle/database/security/oraclepki/oracle.osdt/osdt_core.jar,file:/C:/Users/xxnlnnnd/.m2/repository/com/oracle/database/security/oraclepki/oracle.osdt/osdt_cert.jar
2024-04-30 08:23:44 [restartedMain] INFO  o.s.b.d.e.DevToolsPropertyDefaultsPostProcessor - Devtools property defaults active! Set 'spring.devtools.add-properties' to 'false' to disable
2024-04-30 08:23:44 [restartedMain] INFO  o.s.b.d.e.DevToolsPropertyDefaultsPostProcessor - For additional web related logging consider setting the 'logging.level.web' property to 'DEBUG'
2024-04-30 08:23:45 [restartedMain] INFO  o.s.d.r.c.RepositoryConfigurationDelegate - Bootstrapping Spring Data JDBC repositories in DEFAULT mode.
2024-04-30 08:23:45 [restartedMain] INFO  o.s.d.r.c.RepositoryConfigurationDelegate - Finished Spring Data repository scanning in 9 ms. Found 0 JDBC repository interfaces.
2024-04-30 08:23:45 [restartedMain] INFO  o.s.c.s.PostProcessorRegistrationDelegate$BeanPostProcessorChecker - Bean 'soapServiceConfiguration' of type [mybank.insurance.webservice.soap.configs.SoapServiceConfiguration$$EnhancerBySpringCGLIB$$a837f959] is not eligible for getting processed by all BeanPostProcessors (for example: not eligible for auto-proxying)
2024-04-30 08:23:45 [restartedMain] INFO  o.s.c.s.PostProcessorRegistrationDelegate$BeanPostProcessorChecker - Bean 'org.springframework.ws.config.annotation.DelegatingWsConfiguration' of type [org.springframework.ws.config.annotation.DelegatingWsConfiguration$$EnhancerBySpringCGLIB$$70b59b5a] is not eligible for getting processed by all BeanPostProcessors (for example: not eligible for auto-proxying)
2024-04-30 08:23:45 [restartedMain] INFO  o.s.w.s.a.s.AnnotationActionEndpointMapping - Supporting [WS-Addressing August 2004, WS-Addressing 1.0]
2024-04-30 08:23:45 [restartedMain] INFO  o.s.b.w.e.tomcat.TomcatWebServer - Tomcat initialized with port(s): 8082 (http)
2024-04-30 08:23:45 [restartedMain] INFO  o.a.catalina.core.StandardService - Starting service [Tomcat]
2024-04-30 08:23:45 [restartedMain] INFO  o.a.catalina.core.StandardEngine - Starting Servlet engine: [Apache Tomcat/9.0.73]
2024-04-30 08:23:45 [restartedMain] INFO  o.a.c.c.C.[Tomcat].[localhost].[/] - Initializing Spring embedded WebApplicationContext
2024-04-30 08:23:45 [restartedMain] INFO  o.s.b.w.s.c.ServletWebServerApplicationContext - Root WebApplicationContext: initialization completed in 1464 ms
2024-04-30 08:23:46 [restartedMain] INFO  o.s.s.web.DefaultSecurityFilterChain - Will secure any request with [org.springframework.security.web.session.DisableEncodeUrlFilter@3ee34572, org.springframework.security.web.context.request.async.WebAsyncManagerIntegrationFilter@13aeb7fd, org.springframework.security.web.context.SecurityContextPersistenceFilter@1b455645, org.springframework.security.web.header.HeaderWriterFilter@254538ec, org.springframework.web.filter.CorsFilter@140e2d3b, org.springframework.security.web.authentication.logout.LogoutFilter@6e4551cf, org.springframework.security.web.authentication.UsernamePasswordAuthenticationFilter@3afff9b, org.springframework.security.web.authentication.www.BasicAuthenticationFilter@32af90b8, org.springframework.security.web.savedrequest.RequestCacheAwareFilter@44b6adc7, org.springframework.security.web.servletapi.SecurityContextHolderAwareRequestFilter@3e805844, org.springframework.security.web.authentication.AnonymousAuthenticationFilter@6a033f04, org.springframework.security.web.session.SessionManagementFilter@66bcd818, org.springframework.security.web.access.ExceptionTranslationFilter@24389774, org.springframework.security.web.access.intercept.FilterSecurityInterceptor@564b074c]
2024-04-30 08:23:46 [restartedMain] INFO  o.s.b.a.w.s.WelcomePageHandlerMapping - Adding welcome page template: index
2024-04-30 08:23:46 [restartedMain] INFO  com.zaxxer.hikari.HikariDataSource - HikariPool-1 - Starting...
2024-04-30 08:23:46 [restartedMain] WARN  c.z.hikari.util.DriverDataSource - Registered driver with driverClassName=oracle.jdbc.driver.OracleDriver was not found, trying direct instantiation.
2024-04-30 08:23:46 [restartedMain] INFO  com.zaxxer.hikari.pool.PoolBase - HikariPool-1 - Driver does not support get/set network timeout for connections. (oracle.jdbc.driver.T4CConnection.getNetworkTimeout()I)
2024-04-30 08:23:46 [restartedMain] INFO  com.zaxxer.hikari.HikariDataSource - HikariPool-1 - Start completed.
2024-04-30 08:23:46 [restartedMain] INFO  o.s.b.d.a.OptionalLiveReloadServer - LiveReload server is running on port 35729
2024-04-30 08:23:46 [restartedMain] INFO  o.s.b.w.e.tomcat.TomcatWebServer - Tomcat started on port(s): 8082 (http) with context path ''
2024-04-30 08:23:46 [restartedMain] INFO  m.i.webservice.WebserviceApplication - Started WebserviceApplication in 2.991 seconds (JVM running for 3.848)
2024-04-30 08:24:08 [http-nio-8082-exec-1] INFO  o.a.c.c.C.[Tomcat].[localhost].[/] - Initializing Spring DispatcherServlet 'dispatcherServlet'
2024-04-30 08:24:08 [http-nio-8082-exec-1] INFO  o.s.web.servlet.DispatcherServlet - Initializing Servlet 'dispatcherServlet'
2024-04-30 08:24:08 [http-nio-8082-exec-1] INFO  o.s.web.servlet.DispatcherServlet - Completed initialization in 16 ms
2024-04-30 08:24:23 [http-nio-8082-exec-7] WARN  m.i.w.s.OfficialsSuccessHandler - contact admin to activate
2024-04-30 08:24:39 [http-nio-8082-exec-6] WARN  m.i.w.s.OfficialsSuccessHandler - contact admin to activate
2024-04-30 08:25:09 [http-nio-8082-exec-10] WARN  m.i.w.s.OfficialsSuccessHandler - contact admin to activate
