2024-04-23 11:32:39 [restartedMain] INFO  m.i.webservice.WebserviceApplication - Starting WebserviceApplication using Java 1.8.0_292 on WPF45DYX2 with PID 24480 (C:\DLTE-JavaFullStack-Divija-2024\DLTE-FinalProject\InsuranceWebservice\target\classes started by xxnlnnnd in C:\DLTE-JavaFullStack-Divija-2024\DLTE-FinalProject\InsuranceWebservice)
2024-04-23 11:32:39 [restartedMain] INFO  m.i.webservice.WebserviceApplication - No active profile set, falling back to 1 default profile: "default"
2024-04-23 11:32:40 [restartedMain] INFO  o.s.b.d.restart.ChangeableUrls - The Class-Path manifest attribute in C:\Users\xxnlnnnd\.m2\repository\com\oracle\database\security\oraclepki\21.5.0.0\oraclepki-21.5.0.0.jar referenced one or more files that do not exist: file:/C:/Users/xxnlnnnd/.m2/repository/com/oracle/database/security/oraclepki/21.5.0.0/osdt_core.jar,file:/C:/Users/xxnlnnnd/.m2/repository/com/oracle/database/security/oraclepki/21.5.0.0/osdt_cert.jar,file:/C:/Users/xxnlnnnd/.m2/repository/com/oracle/database/security/oraclepki/oracle.osdt/osdt_core.jar,file:/C:/Users/xxnlnnnd/.m2/repository/com/oracle/database/security/oraclepki/oracle.osdt/osdt_cert.jar
2024-04-23 11:32:40 [restartedMain] INFO  o.s.b.d.e.DevToolsPropertyDefaultsPostProcessor - Devtools property defaults active! Set 'spring.devtools.add-properties' to 'false' to disable
2024-04-23 11:32:40 [restartedMain] INFO  o.s.b.d.e.DevToolsPropertyDefaultsPostProcessor - For additional web related logging consider setting the 'logging.level.web' property to 'DEBUG'
2024-04-23 11:32:40 [restartedMain] INFO  o.s.d.r.c.RepositoryConfigurationDelegate - Bootstrapping Spring Data JDBC repositories in DEFAULT mode.
2024-04-23 11:32:40 [restartedMain] INFO  o.s.d.r.c.RepositoryConfigurationDelegate - Finished Spring Data repository scanning in 11 ms. Found 0 JDBC repository interfaces.
2024-04-23 11:32:41 [restartedMain] INFO  o.s.c.s.PostProcessorRegistrationDelegate$BeanPostProcessorChecker - Bean 'soapServiceConfiguration' of type [mybank.insurance.webservice.soap.configs.SoapServiceConfiguration$$EnhancerBySpringCGLIB$$1764f9c8] is not eligible for getting processed by all BeanPostProcessors (for example: not eligible for auto-proxying)
2024-04-23 11:32:41 [restartedMain] INFO  o.s.c.s.PostProcessorRegistrationDelegate$BeanPostProcessorChecker - Bean 'org.springframework.ws.config.annotation.DelegatingWsConfiguration' of type [org.springframework.ws.config.annotation.DelegatingWsConfiguration$$EnhancerBySpringCGLIB$$dfe29bc9] is not eligible for getting processed by all BeanPostProcessors (for example: not eligible for auto-proxying)
2024-04-23 11:32:41 [restartedMain] INFO  o.s.w.s.a.s.AnnotationActionEndpointMapping - Supporting [WS-Addressing August 2004, WS-Addressing 1.0]
2024-04-23 11:32:41 [restartedMain] INFO  o.s.b.w.e.tomcat.TomcatWebServer - Tomcat initialized with port(s): 8082 (http)
2024-04-23 11:32:41 [restartedMain] INFO  o.a.catalina.core.StandardService - Starting service [Tomcat]
2024-04-23 11:32:41 [restartedMain] INFO  o.a.catalina.core.StandardEngine - Starting Servlet engine: [Apache Tomcat/9.0.73]
2024-04-23 11:32:41 [restartedMain] INFO  o.a.c.c.C.[Tomcat].[localhost].[/] - Initializing Spring embedded WebApplicationContext
2024-04-23 11:32:41 [restartedMain] INFO  o.s.b.w.s.c.ServletWebServerApplicationContext - Root WebApplicationContext: initialization completed in 1637 ms
2024-04-23 11:32:41 [restartedMain] INFO  o.s.s.web.DefaultSecurityFilterChain - Will secure any request with [org.springframework.security.web.session.DisableEncodeUrlFilter@3e03781e, org.springframework.security.web.context.request.async.WebAsyncManagerIntegrationFilter@157f2332, org.springframework.security.web.context.SecurityContextPersistenceFilter@4c398078, org.springframework.security.web.header.HeaderWriterFilter@6863c2ef, org.springframework.security.web.authentication.logout.LogoutFilter@7a55ac4a, org.springframework.security.web.authentication.UsernamePasswordAuthenticationFilter@41d9de0a, org.springframework.security.web.authentication.ui.DefaultLoginPageGeneratingFilter@792f4684, org.springframework.security.web.authentication.ui.DefaultLogoutPageGeneratingFilter@49002905, org.springframework.security.web.authentication.www.BasicAuthenticationFilter@62d6f79f, org.springframework.security.web.savedrequest.RequestCacheAwareFilter@4943d71b, org.springframework.security.web.servletapi.SecurityContextHolderAwareRequestFilter@29e95852, org.springframework.security.web.authentication.AnonymousAuthenticationFilter@25d93709, org.springframework.security.web.session.SessionManagementFilter@632aab8d, org.springframework.security.web.access.ExceptionTranslationFilter@3c8c39e5, org.springframework.security.web.access.intercept.FilterSecurityInterceptor@689c5a5b]
2024-04-23 11:32:42 [restartedMain] INFO  com.zaxxer.hikari.HikariDataSource - HikariPool-1 - Starting...
2024-04-23 11:32:42 [restartedMain] WARN  c.z.hikari.util.DriverDataSource - Registered driver with driverClassName=oracle.jdbc.driver.OracleDriver was not found, trying direct instantiation.
2024-04-23 11:32:42 [restartedMain] INFO  com.zaxxer.hikari.pool.PoolBase - HikariPool-1 - Driver does not support get/set network timeout for connections. (oracle.jdbc.driver.T4CConnection.getNetworkTimeout()I)
2024-04-23 11:32:42 [restartedMain] INFO  com.zaxxer.hikari.HikariDataSource - HikariPool-1 - Start completed.
2024-04-23 11:32:42 [restartedMain] INFO  o.s.b.d.a.OptionalLiveReloadServer - LiveReload server is running on port 35729
2024-04-23 11:32:42 [restartedMain] INFO  o.s.b.w.e.tomcat.TomcatWebServer - Tomcat started on port(s): 8082 (http) with context path ''
2024-04-23 11:32:42 [restartedMain] INFO  m.i.webservice.WebserviceApplication - Started WebserviceApplication in 3.405 seconds (JVM running for 4.246)
2024-04-23 11:33:47 [http-nio-8082-exec-2] INFO  o.a.c.c.C.[Tomcat].[localhost].[/] - Initializing Spring MessageDispatcherServlet 'messageDispatcherServlet'
2024-04-23 11:33:47 [http-nio-8082-exec-2] INFO  o.s.w.t.h.MessageDispatcherServlet - Initializing Servlet 'messageDispatcherServlet'
2024-04-23 11:33:47 [http-nio-8082-exec-2] INFO  o.s.w.s.saaj.SaajSoapMessageFactory - Creating SAAJ 1.3 MessageFactory with SOAP 1.1 Protocol
2024-04-23 11:33:47 [http-nio-8082-exec-2] INFO  o.s.w.t.h.MessageDispatcherServlet - Completed initialization in 32 ms
2024-04-23 11:33:47 [http-nio-8082-exec-1] INFO  o.a.c.c.C.[Tomcat].[localhost].[/] - Initializing Spring DispatcherServlet 'dispatcherServlet'
2024-04-23 11:33:47 [http-nio-8082-exec-1] INFO  o.s.web.servlet.DispatcherServlet - Initializing Servlet 'dispatcherServlet'
2024-04-23 11:33:47 [http-nio-8082-exec-1] INFO  o.s.web.servlet.DispatcherServlet - Completed initialization in 0 ms
2024-04-23 16:11:55 [restartedMain] INFO  m.i.webservice.WebserviceApplication - Starting WebserviceApplication using Java 1.8.0_292 on WPF45DYX2 with PID 23296 (C:\DLTE-JavaFullStack-Divija-2024\DLTE-FinalProject\InsuranceWebservice\target\classes started by xxnlnnnd in C:\DLTE-JavaFullStack-Divija-2024\DLTE-FinalProject\InsuranceWebservice)
2024-04-23 16:11:55 [restartedMain] INFO  m.i.webservice.WebserviceApplication - No active profile set, falling back to 1 default profile: "default"
2024-04-23 16:11:55 [restartedMain] INFO  o.s.b.d.restart.ChangeableUrls - The Class-Path manifest attribute in C:\Users\xxnlnnnd\.m2\repository\com\oracle\database\security\oraclepki\21.5.0.0\oraclepki-21.5.0.0.jar referenced one or more files that do not exist: file:/C:/Users/xxnlnnnd/.m2/repository/com/oracle/database/security/oraclepki/21.5.0.0/osdt_core.jar,file:/C:/Users/xxnlnnnd/.m2/repository/com/oracle/database/security/oraclepki/21.5.0.0/osdt_cert.jar,file:/C:/Users/xxnlnnnd/.m2/repository/com/oracle/database/security/oraclepki/oracle.osdt/osdt_core.jar,file:/C:/Users/xxnlnnnd/.m2/repository/com/oracle/database/security/oraclepki/oracle.osdt/osdt_cert.jar
2024-04-23 16:11:55 [restartedMain] INFO  o.s.b.d.e.DevToolsPropertyDefaultsPostProcessor - Devtools property defaults active! Set 'spring.devtools.add-properties' to 'false' to disable
2024-04-23 16:11:55 [restartedMain] INFO  o.s.b.d.e.DevToolsPropertyDefaultsPostProcessor - For additional web related logging consider setting the 'logging.level.web' property to 'DEBUG'
2024-04-23 16:11:56 [restartedMain] INFO  o.s.d.r.c.RepositoryConfigurationDelegate - Bootstrapping Spring Data JDBC repositories in DEFAULT mode.
2024-04-23 16:11:56 [restartedMain] INFO  o.s.d.r.c.RepositoryConfigurationDelegate - Finished Spring Data repository scanning in 9 ms. Found 0 JDBC repository interfaces.
2024-04-23 16:11:56 [restartedMain] INFO  o.s.c.s.PostProcessorRegistrationDelegate$BeanPostProcessorChecker - Bean 'soapServiceConfiguration' of type [mybank.insurance.webservice.soap.configs.SoapServiceConfiguration$$EnhancerBySpringCGLIB$$40733d9d] is not eligible for getting processed by all BeanPostProcessors (for example: not eligible for auto-proxying)
2024-04-23 16:11:56 [restartedMain] INFO  o.s.c.s.PostProcessorRegistrationDelegate$BeanPostProcessorChecker - Bean 'org.springframework.ws.config.annotation.DelegatingWsConfiguration' of type [org.springframework.ws.config.annotation.DelegatingWsConfiguration$$EnhancerBySpringCGLIB$$8f0df9e] is not eligible for getting processed by all BeanPostProcessors (for example: not eligible for auto-proxying)
2024-04-23 16:11:56 [restartedMain] INFO  o.s.w.s.a.s.AnnotationActionEndpointMapping - Supporting [WS-Addressing August 2004, WS-Addressing 1.0]
2024-04-23 16:11:56 [restartedMain] INFO  o.s.b.w.e.tomcat.TomcatWebServer - Tomcat initialized with port(s): 8082 (http)
2024-04-23 16:11:56 [restartedMain] INFO  o.a.catalina.core.StandardService - Starting service [Tomcat]
2024-04-23 16:11:56 [restartedMain] INFO  o.a.catalina.core.StandardEngine - Starting Servlet engine: [Apache Tomcat/9.0.73]
2024-04-23 16:11:57 [restartedMain] INFO  o.a.c.c.C.[Tomcat].[localhost].[/] - Initializing Spring embedded WebApplicationContext
2024-04-23 16:11:57 [restartedMain] INFO  o.s.b.w.s.c.ServletWebServerApplicationContext - Root WebApplicationContext: initialization completed in 1621 ms
2024-04-23 16:11:57 [restartedMain] INFO  o.s.s.web.DefaultSecurityFilterChain - Will secure any request with [org.springframework.security.web.session.DisableEncodeUrlFilter@9ec8cf0, org.springframework.security.web.context.request.async.WebAsyncManagerIntegrationFilter@611f7abc, org.springframework.security.web.context.SecurityContextPersistenceFilter@4cd32664, org.springframework.security.web.header.HeaderWriterFilter@6e1521c8, org.springframework.security.web.authentication.logout.LogoutFilter@5b864014, org.springframework.security.web.authentication.UsernamePasswordAuthenticationFilter@75dacdf2, org.springframework.security.web.authentication.ui.DefaultLoginPageGeneratingFilter@719a70b6, org.springframework.security.web.authentication.ui.DefaultLogoutPageGeneratingFilter@57a7d5f7, org.springframework.security.web.authentication.www.BasicAuthenticationFilter@7dae7504, org.springframework.security.web.savedrequest.RequestCacheAwareFilter@2b8ea2, org.springframework.security.web.servletapi.SecurityContextHolderAwareRequestFilter@248d3973, org.springframework.security.web.authentication.AnonymousAuthenticationFilter@6c1158fe, org.springframework.security.web.session.SessionManagementFilter@6d522ba2, org.springframework.security.web.access.ExceptionTranslationFilter@30ff7328, org.springframework.security.web.access.intercept.FilterSecurityInterceptor@1cf93722]
2024-04-23 16:11:58 [restartedMain] INFO  com.zaxxer.hikari.HikariDataSource - HikariPool-1 - Starting...
2024-04-23 16:11:58 [restartedMain] WARN  c.z.hikari.util.DriverDataSource - Registered driver with driverClassName=oracle.jdbc.driver.OracleDriver was not found, trying direct instantiation.
2024-04-23 16:11:58 [restartedMain] INFO  com.zaxxer.hikari.pool.PoolBase - HikariPool-1 - Driver does not support get/set network timeout for connections. (oracle.jdbc.driver.T4CConnection.getNetworkTimeout()I)
2024-04-23 16:11:58 [restartedMain] INFO  com.zaxxer.hikari.HikariDataSource - HikariPool-1 - Start completed.
2024-04-23 16:11:58 [restartedMain] INFO  o.s.b.d.a.OptionalLiveReloadServer - LiveReload server is running on port 35729
2024-04-23 16:11:58 [restartedMain] INFO  o.s.b.w.e.tomcat.TomcatWebServer - Tomcat started on port(s): 8082 (http) with context path ''
2024-04-23 16:11:58 [restartedMain] INFO  m.i.webservice.WebserviceApplication - Started WebserviceApplication in 3.597 seconds (JVM running for 4.623)
2024-04-23 16:12:21 [http-nio-8082-exec-2] INFO  o.a.c.c.C.[Tomcat].[localhost].[/] - Initializing Spring DispatcherServlet 'dispatcherServlet'
2024-04-23 16:12:21 [http-nio-8082-exec-2] INFO  o.s.web.servlet.DispatcherServlet - Initializing Servlet 'dispatcherServlet'
2024-04-23 16:12:21 [http-nio-8082-exec-2] INFO  o.s.web.servlet.DispatcherServlet - Completed initialization in 0 ms
2024-04-23 16:14:12 [http-nio-8082-exec-6] INFO  o.a.c.c.C.[Tomcat].[localhost].[/] - Initializing Spring MessageDispatcherServlet 'messageDispatcherServlet'
2024-04-23 16:14:12 [http-nio-8082-exec-6] INFO  o.s.w.t.h.MessageDispatcherServlet - Initializing Servlet 'messageDispatcherServlet'
2024-04-23 16:14:12 [http-nio-8082-exec-6] INFO  o.s.w.s.saaj.SaajSoapMessageFactory - Creating SAAJ 1.3 MessageFactory with SOAP 1.1 Protocol
2024-04-23 16:14:12 [http-nio-8082-exec-6] INFO  o.s.w.t.h.MessageDispatcherServlet - Completed initialization in 86 ms
2024-04-23 17:13:13 [HikariPool-1 housekeeper] WARN  com.zaxxer.hikari.pool.HikariPool - HikariPool-1 - Thread starvation or clock leap detected (housekeeper delta=33m44s718ms442µs).
2024-04-23 17:13:41 [restartedMain] INFO  m.i.webservice.WebserviceApplication - Starting WebserviceApplication using Java 1.8.0_292 on WPF45DYX2 with PID 17744 (C:\DLTE-JavaFullStack-Divija-2024\DLTE-FinalProject\InsuranceWebservice\target\classes started by xxnlnnnd in C:\DLTE-JavaFullStack-Divija-2024\DLTE-FinalProject\InsuranceWebservice)
2024-04-23 17:13:41 [restartedMain] INFO  m.i.webservice.WebserviceApplication - No active profile set, falling back to 1 default profile: "default"
2024-04-23 17:13:41 [restartedMain] INFO  o.s.b.d.restart.ChangeableUrls - The Class-Path manifest attribute in C:\Users\xxnlnnnd\.m2\repository\com\oracle\database\security\oraclepki\21.5.0.0\oraclepki-21.5.0.0.jar referenced one or more files that do not exist: file:/C:/Users/xxnlnnnd/.m2/repository/com/oracle/database/security/oraclepki/21.5.0.0/osdt_core.jar,file:/C:/Users/xxnlnnnd/.m2/repository/com/oracle/database/security/oraclepki/21.5.0.0/osdt_cert.jar,file:/C:/Users/xxnlnnnd/.m2/repository/com/oracle/database/security/oraclepki/oracle.osdt/osdt_core.jar,file:/C:/Users/xxnlnnnd/.m2/repository/com/oracle/database/security/oraclepki/oracle.osdt/osdt_cert.jar
2024-04-23 17:13:41 [restartedMain] INFO  o.s.b.d.e.DevToolsPropertyDefaultsPostProcessor - Devtools property defaults active! Set 'spring.devtools.add-properties' to 'false' to disable
2024-04-23 17:13:41 [restartedMain] INFO  o.s.b.d.e.DevToolsPropertyDefaultsPostProcessor - For additional web related logging consider setting the 'logging.level.web' property to 'DEBUG'
2024-04-23 17:13:41 [restartedMain] INFO  o.s.d.r.c.RepositoryConfigurationDelegate - Bootstrapping Spring Data JDBC repositories in DEFAULT mode.
2024-04-23 17:13:41 [restartedMain] INFO  o.s.d.r.c.RepositoryConfigurationDelegate - Finished Spring Data repository scanning in 10 ms. Found 0 JDBC repository interfaces.
2024-04-23 17:13:42 [restartedMain] INFO  o.s.c.s.PostProcessorRegistrationDelegate$BeanPostProcessorChecker - Bean 'soapServiceConfiguration' of type [mybank.insurance.webservice.soap.configs.SoapServiceConfiguration$$EnhancerBySpringCGLIB$$15126ea4] is not eligible for getting processed by all BeanPostProcessors (for example: not eligible for auto-proxying)
2024-04-23 17:13:42 [restartedMain] INFO  o.s.c.s.PostProcessorRegistrationDelegate$BeanPostProcessorChecker - Bean 'org.springframework.ws.config.annotation.DelegatingWsConfiguration' of type [org.springframework.ws.config.annotation.DelegatingWsConfiguration$$EnhancerBySpringCGLIB$$dd9010a5] is not eligible for getting processed by all BeanPostProcessors (for example: not eligible for auto-proxying)
2024-04-23 17:13:42 [restartedMain] INFO  o.s.w.s.a.s.AnnotationActionEndpointMapping - Supporting [WS-Addressing August 2004, WS-Addressing 1.0]
2024-04-23 17:13:42 [restartedMain] INFO  o.s.b.w.e.tomcat.TomcatWebServer - Tomcat initialized with port(s): 8082 (http)
2024-04-23 17:13:42 [restartedMain] INFO  o.a.catalina.core.StandardService - Starting service [Tomcat]
2024-04-23 17:13:42 [restartedMain] INFO  o.a.catalina.core.StandardEngine - Starting Servlet engine: [Apache Tomcat/9.0.73]
2024-04-23 17:13:42 [restartedMain] INFO  o.a.c.c.C.[Tomcat].[localhost].[/] - Initializing Spring embedded WebApplicationContext
2024-04-23 17:13:42 [restartedMain] INFO  o.s.b.w.s.c.ServletWebServerApplicationContext - Root WebApplicationContext: initialization completed in 1451 ms
2024-04-23 17:13:42 [restartedMain] INFO  o.s.s.web.DefaultSecurityFilterChain - Will secure any request with [org.springframework.security.web.session.DisableEncodeUrlFilter@4478c537, org.springframework.security.web.context.request.async.WebAsyncManagerIntegrationFilter@60201893, org.springframework.security.web.context.SecurityContextPersistenceFilter@2de92bc9, org.springframework.security.web.header.HeaderWriterFilter@32604f9e, org.springframework.security.web.authentication.logout.LogoutFilter@49ebc108, org.springframework.security.web.authentication.UsernamePasswordAuthenticationFilter@5d1f0460, org.springframework.security.web.authentication.ui.DefaultLoginPageGeneratingFilter@576a443c, org.springframework.security.web.authentication.ui.DefaultLogoutPageGeneratingFilter@576f3c6c, org.springframework.security.web.authentication.www.BasicAuthenticationFilter@25b18bc2, org.springframework.security.web.savedrequest.RequestCacheAwareFilter@7c7b3bb8, org.springframework.security.web.servletapi.SecurityContextHolderAwareRequestFilter@29067dfc, org.springframework.security.web.authentication.AnonymousAuthenticationFilter@3dfa512, org.springframework.security.web.session.SessionManagementFilter@3d0d00bb, org.springframework.security.web.access.ExceptionTranslationFilter@d7ee53c, org.springframework.security.web.access.intercept.FilterSecurityInterceptor@6165787e]
2024-04-23 17:13:43 [restartedMain] INFO  com.zaxxer.hikari.HikariDataSource - HikariPool-1 - Starting...
2024-04-23 17:13:43 [restartedMain] WARN  c.z.hikari.util.DriverDataSource - Registered driver with driverClassName=oracle.jdbc.driver.OracleDriver was not found, trying direct instantiation.
2024-04-23 17:13:43 [restartedMain] INFO  com.zaxxer.hikari.pool.PoolBase - HikariPool-1 - Driver does not support get/set network timeout for connections. (oracle.jdbc.driver.T4CConnection.getNetworkTimeout()I)
2024-04-23 17:13:43 [restartedMain] INFO  com.zaxxer.hikari.HikariDataSource - HikariPool-1 - Start completed.
2024-04-23 17:13:43 [restartedMain] INFO  o.s.b.d.a.OptionalLiveReloadServer - LiveReload server is running on port 35729
2024-04-23 17:13:43 [restartedMain] INFO  o.s.b.w.e.tomcat.TomcatWebServer - Tomcat started on port(s): 8082 (http) with context path ''
2024-04-23 17:13:43 [restartedMain] INFO  m.i.webservice.WebserviceApplication - Started WebserviceApplication in 2.93 seconds (JVM running for 3.692)
2024-04-23 17:14:17 [http-nio-8082-exec-2] INFO  o.a.c.c.C.[Tomcat].[localhost].[/] - Initializing Spring DispatcherServlet 'dispatcherServlet'
2024-04-23 17:14:17 [http-nio-8082-exec-2] INFO  o.s.web.servlet.DispatcherServlet - Initializing Servlet 'dispatcherServlet'
2024-04-23 17:14:17 [http-nio-8082-exec-2] INFO  o.s.web.servlet.DispatcherServlet - Completed initialization in 16 ms
2024-04-23 17:16:20 [restartedMain] INFO  m.i.webservice.WebserviceApplication - Starting WebserviceApplication using Java 1.8.0_292 on WPF45DYX2 with PID 19952 (C:\DLTE-JavaFullStack-Divija-2024\DLTE-FinalProject\InsuranceWebservice\target\classes started by xxnlnnnd in C:\DLTE-JavaFullStack-Divija-2024\DLTE-FinalProject\InsuranceWebservice)
2024-04-23 17:16:20 [restartedMain] INFO  m.i.webservice.WebserviceApplication - No active profile set, falling back to 1 default profile: "default"
2024-04-23 17:16:20 [restartedMain] INFO  o.s.b.d.restart.ChangeableUrls - The Class-Path manifest attribute in C:\Users\xxnlnnnd\.m2\repository\com\oracle\database\security\oraclepki\21.5.0.0\oraclepki-21.5.0.0.jar referenced one or more files that do not exist: file:/C:/Users/xxnlnnnd/.m2/repository/com/oracle/database/security/oraclepki/21.5.0.0/osdt_core.jar,file:/C:/Users/xxnlnnnd/.m2/repository/com/oracle/database/security/oraclepki/21.5.0.0/osdt_cert.jar,file:/C:/Users/xxnlnnnd/.m2/repository/com/oracle/database/security/oraclepki/oracle.osdt/osdt_core.jar,file:/C:/Users/xxnlnnnd/.m2/repository/com/oracle/database/security/oraclepki/oracle.osdt/osdt_cert.jar
2024-04-23 17:16:20 [restartedMain] INFO  o.s.b.d.e.DevToolsPropertyDefaultsPostProcessor - Devtools property defaults active! Set 'spring.devtools.add-properties' to 'false' to disable
2024-04-23 17:16:20 [restartedMain] INFO  o.s.b.d.e.DevToolsPropertyDefaultsPostProcessor - For additional web related logging consider setting the 'logging.level.web' property to 'DEBUG'
2024-04-23 17:16:21 [restartedMain] INFO  o.s.d.r.c.RepositoryConfigurationDelegate - Bootstrapping Spring Data JDBC repositories in DEFAULT mode.
2024-04-23 17:16:21 [restartedMain] INFO  o.s.d.r.c.RepositoryConfigurationDelegate - Finished Spring Data repository scanning in 8 ms. Found 0 JDBC repository interfaces.
2024-04-23 17:16:21 [restartedMain] INFO  o.s.c.s.PostProcessorRegistrationDelegate$BeanPostProcessorChecker - Bean 'soapServiceConfiguration' of type [mybank.insurance.webservice.soap.configs.SoapServiceConfiguration$$EnhancerBySpringCGLIB$$99e3722b] is not eligible for getting processed by all BeanPostProcessors (for example: not eligible for auto-proxying)
2024-04-23 17:16:21 [restartedMain] INFO  o.s.c.s.PostProcessorRegistrationDelegate$BeanPostProcessorChecker - Bean 'org.springframework.ws.config.annotation.DelegatingWsConfiguration' of type [org.springframework.ws.config.annotation.DelegatingWsConfiguration$$EnhancerBySpringCGLIB$$6261142c] is not eligible for getting processed by all BeanPostProcessors (for example: not eligible for auto-proxying)
2024-04-23 17:16:21 [restartedMain] INFO  o.s.w.s.a.s.AnnotationActionEndpointMapping - Supporting [WS-Addressing August 2004, WS-Addressing 1.0]
2024-04-23 17:16:21 [restartedMain] INFO  o.s.b.w.e.tomcat.TomcatWebServer - Tomcat initialized with port(s): 8082 (http)
2024-04-23 17:16:21 [restartedMain] INFO  o.a.catalina.core.StandardService - Starting service [Tomcat]
2024-04-23 17:16:21 [restartedMain] INFO  o.a.catalina.core.StandardEngine - Starting Servlet engine: [Apache Tomcat/9.0.73]
2024-04-23 17:16:22 [restartedMain] INFO  o.a.c.c.C.[Tomcat].[localhost].[/] - Initializing Spring embedded WebApplicationContext
2024-04-23 17:16:22 [restartedMain] INFO  o.s.b.w.s.c.ServletWebServerApplicationContext - Root WebApplicationContext: initialization completed in 1425 ms
2024-04-23 17:16:22 [restartedMain] INFO  o.s.s.web.DefaultSecurityFilterChain - Will secure any request with [org.springframework.security.web.session.DisableEncodeUrlFilter@514f9899, org.springframework.security.web.context.request.async.WebAsyncManagerIntegrationFilter@3f77981, org.springframework.security.web.context.SecurityContextPersistenceFilter@7cf4e59c, org.springframework.security.web.header.HeaderWriterFilter@f60526, org.springframework.web.filter.CorsFilter@562c0fc7, org.springframework.security.web.authentication.logout.LogoutFilter@503ff991, org.springframework.security.web.authentication.UsernamePasswordAuthenticationFilter@236544cd, org.springframework.security.web.authentication.ui.DefaultLoginPageGeneratingFilter@58a8370e, org.springframework.security.web.authentication.ui.DefaultLogoutPageGeneratingFilter@4253244, org.springframework.security.web.authentication.www.BasicAuthenticationFilter@4ba5a84, org.springframework.security.web.savedrequest.RequestCacheAwareFilter@61395c18, org.springframework.security.web.servletapi.SecurityContextHolderAwareRequestFilter@2e85de7c, org.springframework.security.web.authentication.AnonymousAuthenticationFilter@2903e909, org.springframework.security.web.session.SessionManagementFilter@81e7b71, org.springframework.security.web.access.ExceptionTranslationFilter@6f7a5bdb, org.springframework.security.web.access.intercept.FilterSecurityInterceptor@2114be89]
2024-04-23 17:16:22 [restartedMain] INFO  com.zaxxer.hikari.HikariDataSource - HikariPool-1 - Starting...
2024-04-23 17:16:22 [restartedMain] WARN  c.z.hikari.util.DriverDataSource - Registered driver with driverClassName=oracle.jdbc.driver.OracleDriver was not found, trying direct instantiation.
2024-04-23 17:16:23 [restartedMain] INFO  com.zaxxer.hikari.pool.PoolBase - HikariPool-1 - Driver does not support get/set network timeout for connections. (oracle.jdbc.driver.T4CConnection.getNetworkTimeout()I)
2024-04-23 17:16:23 [restartedMain] INFO  com.zaxxer.hikari.HikariDataSource - HikariPool-1 - Start completed.
2024-04-23 17:16:23 [restartedMain] INFO  o.s.b.d.a.OptionalLiveReloadServer - LiveReload server is running on port 35729
2024-04-23 17:16:23 [restartedMain] INFO  o.s.b.w.e.tomcat.TomcatWebServer - Tomcat started on port(s): 8082 (http) with context path ''
2024-04-23 17:16:23 [restartedMain] INFO  m.i.webservice.WebserviceApplication - Started WebserviceApplication in 3.13 seconds (JVM running for 3.912)
2024-04-23 17:16:47 [http-nio-8082-exec-1] INFO  o.a.c.c.C.[Tomcat].[localhost].[/] - Initializing Spring DispatcherServlet 'dispatcherServlet'
2024-04-23 17:16:47 [http-nio-8082-exec-1] INFO  o.s.web.servlet.DispatcherServlet - Initializing Servlet 'dispatcherServlet'
2024-04-23 17:16:47 [http-nio-8082-exec-1] INFO  o.s.web.servlet.DispatcherServlet - Completed initialization in 8 ms
2024-04-23 17:16:48 [http-nio-8082-exec-2] WARN  o.s.w.s.m.s.DefaultHandlerExceptionResolver - Resolved [org.springframework.web.method.annotation.MethodArgumentTypeMismatchException: Failed to convert value of type 'java.lang.String' to required type 'double'; nested exception is java.lang.NumberFormatException: For input string: "{startLimit}"]
2024-04-23 17:17:45 [http-nio-8082-exec-4] WARN  o.s.w.s.m.s.DefaultHandlerExceptionResolver - Resolved [org.springframework.web.method.annotation.MethodArgumentTypeMismatchException: Failed to convert value of type 'java.lang.String' to required type 'double'; nested exception is java.lang.NumberFormatException: For input string: "{double:startLimit}"]
2024-04-23 17:26:58 [http-nio-8082-exec-9] WARN  m.i.w.r.c.InsuranceController - Requested data not found
2024-04-23 21:24:15 [restartedMain] INFO  m.i.webservice.WebserviceApplication - Starting WebserviceApplication using Java 1.8.0_292 on WPF45DYX2 with PID 17728 (C:\DLTE-JavaFullStack-Divija-2024\DLTE-FinalProject\InsuranceWebservice\target\classes started by xxnlnnnd in C:\DLTE-JavaFullStack-Divija-2024\DLTE-FinalProject\InsuranceWebservice)
2024-04-23 21:24:15 [restartedMain] INFO  m.i.webservice.WebserviceApplication - No active profile set, falling back to 1 default profile: "default"
2024-04-23 21:24:15 [restartedMain] INFO  o.s.b.d.restart.ChangeableUrls - The Class-Path manifest attribute in C:\Users\xxnlnnnd\.m2\repository\com\oracle\database\security\oraclepki\21.5.0.0\oraclepki-21.5.0.0.jar referenced one or more files that do not exist: file:/C:/Users/xxnlnnnd/.m2/repository/com/oracle/database/security/oraclepki/21.5.0.0/osdt_core.jar,file:/C:/Users/xxnlnnnd/.m2/repository/com/oracle/database/security/oraclepki/21.5.0.0/osdt_cert.jar,file:/C:/Users/xxnlnnnd/.m2/repository/com/oracle/database/security/oraclepki/oracle.osdt/osdt_core.jar,file:/C:/Users/xxnlnnnd/.m2/repository/com/oracle/database/security/oraclepki/oracle.osdt/osdt_cert.jar
2024-04-23 21:24:15 [restartedMain] INFO  o.s.b.d.e.DevToolsPropertyDefaultsPostProcessor - Devtools property defaults active! Set 'spring.devtools.add-properties' to 'false' to disable
2024-04-23 21:24:15 [restartedMain] INFO  o.s.b.d.e.DevToolsPropertyDefaultsPostProcessor - For additional web related logging consider setting the 'logging.level.web' property to 'DEBUG'
2024-04-23 21:24:16 [restartedMain] INFO  o.s.d.r.c.RepositoryConfigurationDelegate - Bootstrapping Spring Data JDBC repositories in DEFAULT mode.
2024-04-23 21:24:16 [restartedMain] INFO  o.s.d.r.c.RepositoryConfigurationDelegate - Finished Spring Data repository scanning in 8 ms. Found 0 JDBC repository interfaces.
2024-04-23 21:24:16 [restartedMain] INFO  o.s.c.s.PostProcessorRegistrationDelegate$BeanPostProcessorChecker - Bean 'soapServiceConfiguration' of type [mybank.insurance.webservice.soap.configs.SoapServiceConfiguration$$EnhancerBySpringCGLIB$$4f3d2182] is not eligible for getting processed by all BeanPostProcessors (for example: not eligible for auto-proxying)
2024-04-23 21:24:16 [restartedMain] INFO  o.s.c.s.PostProcessorRegistrationDelegate$BeanPostProcessorChecker - Bean 'org.springframework.ws.config.annotation.DelegatingWsConfiguration' of type [org.springframework.ws.config.annotation.DelegatingWsConfiguration$$EnhancerBySpringCGLIB$$17bac383] is not eligible for getting processed by all BeanPostProcessors (for example: not eligible for auto-proxying)
2024-04-23 21:24:16 [restartedMain] INFO  o.s.w.s.a.s.AnnotationActionEndpointMapping - Supporting [WS-Addressing August 2004, WS-Addressing 1.0]
2024-04-23 21:24:17 [restartedMain] INFO  o.s.b.w.e.tomcat.TomcatWebServer - Tomcat initialized with port(s): 8082 (http)
2024-04-23 21:24:17 [restartedMain] INFO  o.a.catalina.core.StandardService - Starting service [Tomcat]
2024-04-23 21:24:17 [restartedMain] INFO  o.a.catalina.core.StandardEngine - Starting Servlet engine: [Apache Tomcat/9.0.73]
2024-04-23 21:24:17 [restartedMain] INFO  o.a.c.c.C.[Tomcat].[localhost].[/] - Initializing Spring embedded WebApplicationContext
2024-04-23 21:24:17 [restartedMain] INFO  o.s.b.w.s.c.ServletWebServerApplicationContext - Root WebApplicationContext: initialization completed in 1722 ms
2024-04-23 21:24:17 [restartedMain] INFO  o.s.s.web.DefaultSecurityFilterChain - Will secure any request with [org.springframework.security.web.session.DisableEncodeUrlFilter@a46a24b, org.springframework.security.web.context.request.async.WebAsyncManagerIntegrationFilter@33b5d296, org.springframework.security.web.context.SecurityContextPersistenceFilter@1054b363, org.springframework.security.web.header.HeaderWriterFilter@1f64ae3e, org.springframework.web.filter.CorsFilter@71dd9ee4, org.springframework.security.web.authentication.logout.LogoutFilter@d08a350, org.springframework.security.web.authentication.UsernamePasswordAuthenticationFilter@29886a61, org.springframework.security.web.authentication.ui.DefaultLoginPageGeneratingFilter@7dfa3e00, org.springframework.security.web.authentication.ui.DefaultLogoutPageGeneratingFilter@6d2c1f2b, org.springframework.security.web.authentication.www.BasicAuthenticationFilter@4ebb246d, org.springframework.security.web.savedrequest.RequestCacheAwareFilter@25c7403c, org.springframework.security.web.servletapi.SecurityContextHolderAwareRequestFilter@65d93689, org.springframework.security.web.authentication.AnonymousAuthenticationFilter@52c7bc3f, org.springframework.security.web.session.SessionManagementFilter@49a414ac, org.springframework.security.web.access.ExceptionTranslationFilter@ad2decb, org.springframework.security.web.access.intercept.FilterSecurityInterceptor@739e30c0]
2024-04-23 21:24:18 [restartedMain] INFO  com.zaxxer.hikari.HikariDataSource - HikariPool-1 - Starting...
2024-04-23 21:24:18 [restartedMain] WARN  c.z.hikari.util.DriverDataSource - Registered driver with driverClassName=oracle.jdbc.driver.OracleDriver was not found, trying direct instantiation.
2024-04-23 21:24:18 [restartedMain] INFO  com.zaxxer.hikari.pool.PoolBase - HikariPool-1 - Driver does not support get/set network timeout for connections. (oracle.jdbc.driver.T4CConnection.getNetworkTimeout()I)
2024-04-23 21:24:18 [restartedMain] INFO  com.zaxxer.hikari.HikariDataSource - HikariPool-1 - Start completed.
2024-04-23 21:24:18 [restartedMain] INFO  o.s.b.d.a.OptionalLiveReloadServer - LiveReload server is running on port 35729
2024-04-23 21:24:18 [restartedMain] INFO  o.s.b.w.e.tomcat.TomcatWebServer - Tomcat started on port(s): 8082 (http) with context path ''
2024-04-23 21:24:18 [restartedMain] INFO  m.i.webservice.WebserviceApplication - Started WebserviceApplication in 3.684 seconds (JVM running for 4.783)
2024-04-23 21:24:22 [http-nio-8082-exec-1] INFO  o.a.c.c.C.[Tomcat].[localhost].[/] - Initializing Spring MessageDispatcherServlet 'messageDispatcherServlet'
2024-04-23 21:24:22 [http-nio-8082-exec-1] INFO  o.s.w.t.h.MessageDispatcherServlet - Initializing Servlet 'messageDispatcherServlet'
2024-04-23 21:24:22 [http-nio-8082-exec-1] INFO  o.s.w.s.saaj.SaajSoapMessageFactory - Creating SAAJ 1.3 MessageFactory with SOAP 1.1 Protocol
2024-04-23 21:24:22 [http-nio-8082-exec-1] INFO  o.s.w.t.h.MessageDispatcherServlet - Completed initialization in 73 ms
2024-04-23 21:24:22 [http-nio-8082-exec-3] INFO  o.a.c.c.C.[Tomcat].[localhost].[/] - Initializing Spring DispatcherServlet 'dispatcherServlet'
2024-04-23 21:24:22 [http-nio-8082-exec-3] INFO  o.s.web.servlet.DispatcherServlet - Initializing Servlet 'dispatcherServlet'
2024-04-23 21:24:22 [http-nio-8082-exec-3] INFO  o.s.web.servlet.DispatcherServlet - Completed initialization in 0 ms
2024-04-23 21:24:41 [http-nio-8082-exec-6] INFO  c.m.d.i.remotes.InsuranceRepository - INSURANCE IS AVAILABLE200
2024-04-23 21:25:35 [http-nio-8082-exec-9] INFO  c.m.d.i.remotes.InsuranceRepository - INSURANCE IS AVAILABLE200
2024-04-23 21:25:36 [http-nio-8082-exec-10] INFO  c.m.d.i.remotes.InsuranceRepository - INSURANCE IS AVAILABLE200
2024-04-23 21:44:04 [http-nio-8082-exec-6] INFO  c.m.d.i.remotes.InsuranceRepository - INSURANCE IS AVAILABLE200
2024-04-23 21:58:42 [http-nio-8082-exec-1] INFO  c.m.d.i.remotes.InsuranceRepository - INSURANCE IS AVAILABLE200
2024-04-23 22:14:12 [restartedMain] INFO  m.i.webservice.WebserviceApplication - Starting WebserviceApplication using Java 1.8.0_292 on WPF45DYX2 with PID 21776 (C:\DLTE-JavaFullStack-Divija-2024\DLTE-FinalProject\InsuranceWebservice\target\classes started by xxnlnnnd in C:\DLTE-JavaFullStack-Divija-2024\DLTE-FinalProject\InsuranceWebservice)
2024-04-23 22:14:12 [restartedMain] INFO  m.i.webservice.WebserviceApplication - No active profile set, falling back to 1 default profile: "default"
2024-04-23 22:14:12 [restartedMain] INFO  o.s.b.d.restart.ChangeableUrls - The Class-Path manifest attribute in C:\Users\xxnlnnnd\.m2\repository\com\oracle\database\security\oraclepki\21.5.0.0\oraclepki-21.5.0.0.jar referenced one or more files that do not exist: file:/C:/Users/xxnlnnnd/.m2/repository/com/oracle/database/security/oraclepki/21.5.0.0/osdt_core.jar,file:/C:/Users/xxnlnnnd/.m2/repository/com/oracle/database/security/oraclepki/21.5.0.0/osdt_cert.jar,file:/C:/Users/xxnlnnnd/.m2/repository/com/oracle/database/security/oraclepki/oracle.osdt/osdt_core.jar,file:/C:/Users/xxnlnnnd/.m2/repository/com/oracle/database/security/oraclepki/oracle.osdt/osdt_cert.jar
2024-04-23 22:14:12 [restartedMain] INFO  o.s.b.d.e.DevToolsPropertyDefaultsPostProcessor - Devtools property defaults active! Set 'spring.devtools.add-properties' to 'false' to disable
2024-04-23 22:14:12 [restartedMain] INFO  o.s.b.d.e.DevToolsPropertyDefaultsPostProcessor - For additional web related logging consider setting the 'logging.level.web' property to 'DEBUG'
2024-04-23 22:14:13 [restartedMain] INFO  o.s.d.r.c.RepositoryConfigurationDelegate - Bootstrapping Spring Data JDBC repositories in DEFAULT mode.
2024-04-23 22:14:13 [restartedMain] INFO  o.s.d.r.c.RepositoryConfigurationDelegate - Finished Spring Data repository scanning in 9 ms. Found 0 JDBC repository interfaces.
2024-04-23 22:14:13 [restartedMain] INFO  o.s.c.s.PostProcessorRegistrationDelegate$BeanPostProcessorChecker - Bean 'soapServiceConfiguration' of type [mybank.insurance.webservice.soap.configs.SoapServiceConfiguration$$EnhancerBySpringCGLIB$$15126ea4] is not eligible for getting processed by all BeanPostProcessors (for example: not eligible for auto-proxying)
2024-04-23 22:14:13 [restartedMain] INFO  o.s.c.s.PostProcessorRegistrationDelegate$BeanPostProcessorChecker - Bean 'org.springframework.ws.config.annotation.DelegatingWsConfiguration' of type [org.springframework.ws.config.annotation.DelegatingWsConfiguration$$EnhancerBySpringCGLIB$$dd9010a5] is not eligible for getting processed by all BeanPostProcessors (for example: not eligible for auto-proxying)
2024-04-23 22:14:13 [restartedMain] INFO  o.s.w.s.a.s.AnnotationActionEndpointMapping - Supporting [WS-Addressing August 2004, WS-Addressing 1.0]
2024-04-23 22:14:13 [restartedMain] INFO  o.s.b.w.e.tomcat.TomcatWebServer - Tomcat initialized with port(s): 8082 (http)
2024-04-23 22:14:14 [restartedMain] INFO  o.a.catalina.core.StandardService - Starting service [Tomcat]
2024-04-23 22:14:14 [restartedMain] INFO  o.a.catalina.core.StandardEngine - Starting Servlet engine: [Apache Tomcat/9.0.73]
2024-04-23 22:14:14 [restartedMain] INFO  o.a.c.c.C.[Tomcat].[localhost].[/] - Initializing Spring embedded WebApplicationContext
2024-04-23 22:14:14 [restartedMain] INFO  o.s.b.w.s.c.ServletWebServerApplicationContext - Root WebApplicationContext: initialization completed in 1399 ms
2024-04-23 22:14:14 [restartedMain] INFO  o.s.s.web.DefaultSecurityFilterChain - Will secure any request with [org.springframework.security.web.session.DisableEncodeUrlFilter@23274cd7, org.springframework.security.web.context.request.async.WebAsyncManagerIntegrationFilter@2cde4e11, org.springframework.security.web.context.SecurityContextPersistenceFilter@2926eeff, org.springframework.security.web.header.HeaderWriterFilter@1c931b10, org.springframework.web.filter.CorsFilter@477952cf, org.springframework.security.web.authentication.logout.LogoutFilter@666124f3, org.springframework.security.web.authentication.UsernamePasswordAuthenticationFilter@74d96b9a, org.springframework.security.web.authentication.ui.DefaultLoginPageGeneratingFilter@6600219f, org.springframework.security.web.authentication.ui.DefaultLogoutPageGeneratingFilter@18921afc, org.springframework.security.web.authentication.www.BasicAuthenticationFilter@3ab56e7e, org.springframework.security.web.savedrequest.RequestCacheAwareFilter@4d55a0fc, org.springframework.security.web.servletapi.SecurityContextHolderAwareRequestFilter@37492f35, org.springframework.security.web.authentication.AnonymousAuthenticationFilter@14abccd, org.springframework.security.web.session.SessionManagementFilter@1d458b40, org.springframework.security.web.access.ExceptionTranslationFilter@31e3f7dd, org.springframework.security.web.access.intercept.FilterSecurityInterceptor@543a3d95]
2024-04-23 22:14:15 [restartedMain] INFO  com.zaxxer.hikari.HikariDataSource - HikariPool-1 - Starting...
2024-04-23 22:14:15 [restartedMain] WARN  c.z.hikari.util.DriverDataSource - Registered driver with driverClassName=oracle.jdbc.driver.OracleDriver was not found, trying direct instantiation.
2024-04-23 22:14:15 [restartedMain] INFO  com.zaxxer.hikari.pool.PoolBase - HikariPool-1 - Driver does not support get/set network timeout for connections. (oracle.jdbc.driver.T4CConnection.getNetworkTimeout()I)
2024-04-23 22:14:15 [restartedMain] INFO  com.zaxxer.hikari.HikariDataSource - HikariPool-1 - Start completed.
2024-04-23 22:14:15 [restartedMain] INFO  o.s.b.d.a.OptionalLiveReloadServer - LiveReload server is running on port 35729
2024-04-23 22:14:15 [restartedMain] INFO  o.s.b.w.e.tomcat.TomcatWebServer - Tomcat started on port(s): 8082 (http) with context path ''
2024-04-23 22:14:15 [restartedMain] INFO  m.i.webservice.WebserviceApplication - Started WebserviceApplication in 2.94 seconds (JVM running for 3.767)
2024-04-23 22:20:53 [http-nio-8082-exec-2] INFO  o.a.c.c.C.[Tomcat].[localhost].[/] - Initializing Spring DispatcherServlet 'dispatcherServlet'
2024-04-23 22:20:53 [http-nio-8082-exec-2] INFO  o.s.web.servlet.DispatcherServlet - Initializing Servlet 'dispatcherServlet'
2024-04-23 22:20:53 [http-nio-8082-exec-2] INFO  o.s.web.servlet.DispatcherServlet - Completed initialization in 15 ms
2024-04-23 22:37:12 [http-nio-8082-exec-1] INFO  o.a.c.c.C.[Tomcat].[localhost].[/] - Initializing Spring MessageDispatcherServlet 'messageDispatcherServlet'
2024-04-23 22:37:12 [http-nio-8082-exec-1] INFO  o.s.w.t.h.MessageDispatcherServlet - Initializing Servlet 'messageDispatcherServlet'
2024-04-23 22:37:12 [http-nio-8082-exec-1] INFO  o.s.w.s.saaj.SaajSoapMessageFactory - Creating SAAJ 1.3 MessageFactory with SOAP 1.1 Protocol
2024-04-23 22:37:12 [http-nio-8082-exec-1] INFO  o.s.w.t.h.MessageDispatcherServlet - Completed initialization in 13 ms
