2024-04-25 09:10:15.085  INFO 25412 --- [restartedMain] o.s.employee.EmployeeApplication         : Starting EmployeeApplication using Java 11.0.5 on WPF45DYX2 with PID 25412 (C:\DLTE-JavaFullStack-Divija-2024\DLTE-Java\Review7.0\EmployeeJdbc\target\classes started by xxnlnnnd in C:\DLTE-JavaFullStack-Divija-2024\DLTE-Java\Review7.0\EmployeeJdbc)
2024-04-25 09:10:15.090  INFO 25412 --- [restartedMain] o.s.employee.EmployeeApplication         : No active profile set, falling back to 1 default profile: "default"
2024-04-25 09:10:15.152  INFO 25412 --- [restartedMain] o.s.b.devtools.restart.ChangeableUrls    : The Class-Path manifest attribute in C:\Users\xxnlnnnd\.m2\repository\com\oracle\database\security\oraclepki\21.5.0.0\oraclepki-21.5.0.0.jar referenced one or more files that do not exist: file:/C:/Users/xxnlnnnd/.m2/repository/com/oracle/database/security/oraclepki/21.5.0.0/osdt_core.jar,file:/C:/Users/xxnlnnnd/.m2/repository/com/oracle/database/security/oraclepki/21.5.0.0/osdt_cert.jar,file:/C:/Users/xxnlnnnd/.m2/repository/com/oracle/database/security/oraclepki/oracle.osdt/osdt_core.jar,file:/C:/Users/xxnlnnnd/.m2/repository/com/oracle/database/security/oraclepki/oracle.osdt/osdt_cert.jar
2024-04-25 09:10:15.152  INFO 25412 --- [restartedMain] .e.DevToolsPropertyDefaultsPostProcessor : Devtools property defaults active! Set 'spring.devtools.add-properties' to 'false' to disable
2024-04-25 09:10:15.152  INFO 25412 --- [restartedMain] .e.DevToolsPropertyDefaultsPostProcessor : For additional web related logging consider setting the 'logging.level.web' property to 'DEBUG'
2024-04-25 09:10:15.656  INFO 25412 --- [restartedMain] .s.d.r.c.RepositoryConfigurationDelegate : Bootstrapping Spring Data JDBC repositories in DEFAULT mode.
2024-04-25 09:10:15.663  INFO 25412 --- [restartedMain] .s.d.r.c.RepositoryConfigurationDelegate : Finished Spring Data repository scanning in 6 ms. Found 0 JDBC repository interfaces.
2024-04-25 09:10:16.054  INFO 25412 --- [restartedMain] o.s.b.w.embedded.tomcat.TomcatWebServer  : Tomcat initialized with port(s): 8083 (http)
2024-04-25 09:10:16.054  INFO 25412 --- [restartedMain] o.apache.catalina.core.StandardService   : Starting service [Tomcat]
2024-04-25 09:10:16.054  INFO 25412 --- [restartedMain] org.apache.catalina.core.StandardEngine  : Starting Servlet engine: [Apache Tomcat/9.0.73]
2024-04-25 09:10:16.101  INFO 25412 --- [restartedMain] o.a.c.c.C.[Tomcat].[localhost].[/]       : Initializing Spring embedded WebApplicationContext
2024-04-25 09:10:16.101  INFO 25412 --- [restartedMain] w.s.c.ServletWebServerApplicationContext : Root WebApplicationContext: initialization completed in 949 ms
2024-04-25 09:10:16.385  INFO 25412 --- [restartedMain] com.zaxxer.hikari.HikariDataSource       : HikariPool-1 - Starting...
2024-04-25 09:10:16.495  INFO 25412 --- [restartedMain] com.zaxxer.hikari.pool.PoolBase          : HikariPool-1 - Driver does not support get/set network timeout for connections. (Receiver class oracle.jdbc.driver.T4CConnection does not define or inherit an implementation of the resolved method 'abstract int getNetworkTimeout()' of interface java.sql.Connection.)
2024-04-25 09:10:16.511  INFO 25412 --- [restartedMain] com.zaxxer.hikari.HikariDataSource       : HikariPool-1 - Start completed.
2024-04-25 09:10:16.575  INFO 25412 --- [restartedMain] o.s.b.d.a.OptionalLiveReloadServer       : LiveReload server is running on port 35729
2024-04-25 09:10:16.590  INFO 25412 --- [restartedMain] o.s.b.w.embedded.tomcat.TomcatWebServer  : Tomcat started on port(s): 8083 (http) with context path ''
2024-04-25 09:10:16.605  INFO 25412 --- [restartedMain] o.s.employee.EmployeeApplication         : Started EmployeeApplication in 1.901 seconds (JVM running for 2.587)
2024-04-25 09:10:36.889  INFO 16740 --- [main] o.s.employee.EmployeeApplicationTests    : Starting EmployeeApplicationTests using Java 11.0.5 on WPF45DYX2 with PID 16740 (started by xxnlnnnd in C:\DLTE-JavaFullStack-Divija-2024\DLTE-Java\Review7.0\EmployeeJdbc)
2024-04-25 09:10:36.889  INFO 16740 --- [main] o.s.employee.EmployeeApplicationTests    : No active profile set, falling back to 1 default profile: "default"
2024-04-25 09:10:37.803  INFO 16740 --- [main] .s.d.r.c.RepositoryConfigurationDelegate : Bootstrapping Spring Data JDBC repositories in DEFAULT mode.
2024-04-25 09:10:37.834  INFO 16740 --- [main] .s.d.r.c.RepositoryConfigurationDelegate : Finished Spring Data repository scanning in 14 ms. Found 0 JDBC repository interfaces.
2024-04-25 09:10:39.651  INFO 16740 --- [main] com.zaxxer.hikari.HikariDataSource       : HikariPool-1 - Starting...
2024-04-25 09:10:40.199  INFO 16740 --- [main] com.zaxxer.hikari.pool.PoolBase          : HikariPool-1 - Driver does not support get/set network timeout for connections. (Receiver class oracle.jdbc.driver.T4CConnection does not define or inherit an implementation of the resolved method 'abstract int getNetworkTimeout()' of interface java.sql.Connection.)
2024-04-25 09:10:40.199  INFO 16740 --- [main] com.zaxxer.hikari.HikariDataSource       : HikariPool-1 - Start completed.
2024-04-25 09:10:40.453  INFO 16740 --- [main] o.s.employee.EmployeeApplicationTests    : Started EmployeeApplicationTests in 4.037 seconds (JVM running for 5.486)
2024-04-25 09:10:41.918  INFO 16740 --- [SpringApplicationShutdownHook] com.zaxxer.hikari.HikariDataSource       : HikariPool-1 - Shutdown initiated...
2024-04-25 09:10:41.953  INFO 16740 --- [SpringApplicationShutdownHook] com.zaxxer.hikari.HikariDataSource       : HikariPool-1 - Shutdown completed.
